<?xml version="1.0" encoding="UTF-8"?>
<!-- Generated by org.testng.reporters.JUnitReportReporter -->
<testsuite hostname="LTIN581104" failures="0" tests="2" name="testCases.TC001_AccountRegistration" time="5.663" errors="0" timestamp="2026-01-29T07:39:00 IST" skipped="0">
  <testcase classname="testCases.TC001_AccountRegistration" name="accRegister" time="2.328"/>
  <testcase classname="testCases.TC001_AccountRegistration" name="accRegister" time="3.335"/>
</testsuite> <!-- testCases.TC001_AccountRegistration -->
