<?xml version="1.0" encoding="UTF-8"?>
<testng-results ignored="0" total="2" passed="2" failed="0" skipped="0">
  <reporter-output>
  </reporter-output>
  <suite started-at="2026-01-29T07:38:45 IST" name="Suite" finished-at="2026-01-29T07:39:00 IST" duration-ms="15448">
    <groups>
    </groups>
    <test started-at="2026-01-29T07:38:45 IST" name="EdgeTest" finished-at="2026-01-29T07:39:00 IST" duration-ms="15431">
      <class name="testCases.TC001_AccountRegistration">
        <test-method is-config="true" signature="setUp(java.lang.String,java.lang.String)[pri:0, instance:testCases.TC001_AccountRegistration@24569dba]" started-at="2026-01-29T07:38:45 IST" name="setUp" finished-at="2026-01-29T07:38:55 IST" duration-ms="9976" status="PASS">
          <params>
            <param index="0">
              <value>
                <![CDATA[Windows]]>
              </value>
            </param>
            <param index="1">
              <value>
                <![CDATA[edge]]>
              </value>
            </param>
          </params>
          <reporter-output>
          </reporter-output>
        </test-method> <!-- setUp -->
        <test-method signature="accRegister()[pri:0, instance:testCases.TC001_AccountRegistration@24569dba]" started-at="2026-01-29T07:38:55 IST" name="accRegister" finished-at="2026-01-29T07:38:58 IST" duration-ms="3335" status="PASS">
          <reporter-output>
          </reporter-output>
        </test-method> <!-- accRegister -->
        <test-method is-config="true" signature="tearDown()[pri:0, instance:testCases.TC001_AccountRegistration@24569dba]" started-at="2026-01-29T07:38:58 IST" name="tearDown" finished-at="2026-01-29T07:39:00 IST" duration-ms="2035" status="PASS">
          <reporter-output>
          </reporter-output>
        </test-method> <!-- tearDown -->
      </class> <!-- testCases.TC001_AccountRegistration -->
    </test> <!-- EdgeTest -->
    <test started-at="2026-01-29T07:38:45 IST" name="ChromeTest" finished-at="2026-01-29T07:39:00 IST" duration-ms="15448">
      <class name="testCases.TC001_AccountRegistration">
        <test-method is-config="true" signature="setUp(java.lang.String,java.lang.String)[pri:0, instance:testCases.TC001_AccountRegistration@742ff096]" started-at="2026-01-29T07:38:45 IST" name="setUp" finished-at="2026-01-29T07:38:56 IST" duration-ms="11111" status="PASS">
          <params>
            <param index="0">
              <value>
                <![CDATA[Windows]]>
              </value>
            </param>
            <param index="1">
              <value>
                <![CDATA[Chrome]]>
              </value>
            </param>
          </params>
          <reporter-output>
          </reporter-output>
        </test-method> <!-- setUp -->
        <test-method signature="accRegister()[pri:0, instance:testCases.TC001_AccountRegistration@742ff096]" started-at="2026-01-29T07:38:56 IST" name="accRegister" finished-at="2026-01-29T07:38:58 IST" duration-ms="2328" status="PASS">
          <reporter-output>
          </reporter-output>
        </test-method> <!-- accRegister -->
        <test-method is-config="true" signature="tearDown()[pri:0, instance:testCases.TC001_AccountRegistration@742ff096]" started-at="2026-01-29T07:38:58 IST" name="tearDown" finished-at="2026-01-29T07:39:00 IST" duration-ms="1959" status="PASS">
          <reporter-output>
          </reporter-output>
        </test-method> <!-- tearDown -->
      </class> <!-- testCases.TC001_AccountRegistration -->
    </test> <!-- ChromeTest -->
  </suite> <!-- Suite -->
</testng-results>
