<?xml version="1.0" encoding="UTF-8"?>
<testng-results ignored="0" total="2" passed="2" failed="0" skipped="0">
  <reporter-output>
  </reporter-output>
  <suite started-at="2026-02-20T14:37:30 IST" name="Suite" finished-at="2026-02-20T14:37:38 IST" duration-ms="7633">
    <groups>
      <group name="Sanity">
        <method signature="TC001_AccountRegistration.accRegister()[pri:0, instance:testCases.TC001_AccountRegistration@3cd3e762]" name="accRegister" class="testCases.TC001_AccountRegistration"/>
        <method signature="TC002_LoginTest.verify_login()[pri:0, instance:testCases.TC002_LoginTest@6ed3ccb2]" name="verify_login" class="testCases.TC002_LoginTest"/>
      </group> <!-- Sanity -->
      <group name="Regression">
        <method signature="TC002_LoginTest.verify_login()[pri:0, instance:testCases.TC002_LoginTest@6ed3ccb2]" name="verify_login" class="testCases.TC002_LoginTest"/>
      </group> <!-- Regression -->
    </groups>
    <test started-at="2026-02-20T14:37:30 IST" name="Test" finished-at="2026-02-20T14:37:38 IST" duration-ms="7633">
      <class name="testCases.TC002_LoginTest">
        <test-method is-config="true" signature="setUp(java.lang.String,java.lang.String)[pri:0, instance:testCases.TC002_LoginTest@6ed3ccb2]" started-at="2026-02-20T14:37:35 IST" name="setUp" finished-at="2026-02-20T14:37:37 IST" duration-ms="1658" status="PASS">
          <params>
            <param index="0">
              <value>
                <![CDATA[Windows]]>
              </value>
            </param>
            <param index="1">
              <value>
                <![CDATA[Chrome]]>
              </value>
            </param>
          </params>
          <reporter-output>
          </reporter-output>
        </test-method> <!-- setUp -->
        <test-method signature="verify_login()[pri:0, instance:testCases.TC002_LoginTest@6ed3ccb2]" started-at="2026-02-20T14:37:37 IST" name="verify_login" finished-at="2026-02-20T14:37:38 IST" duration-ms="1142" status="PASS">
          <reporter-output>
          </reporter-output>
        </test-method> <!-- verify_login -->
        <test-method is-config="true" signature="tearDown()[pri:0, instance:testCases.TC002_LoginTest@6ed3ccb2]" started-at="2026-02-20T14:37:38 IST" name="tearDown" finished-at="2026-02-20T14:37:38 IST" duration-ms="146" status="PASS">
          <reporter-output>
          </reporter-output>
        </test-method> <!-- tearDown -->
      </class> <!-- testCases.TC002_LoginTest -->
      <class name="testCases.TC001_AccountRegistration">
        <test-method is-config="true" signature="setUp(java.lang.String,java.lang.String)[pri:0, instance:testCases.TC001_AccountRegistration@3cd3e762]" started-at="2026-02-20T14:37:30 IST" name="setUp" finished-at="2026-02-20T14:37:32 IST" duration-ms="2050" status="PASS">
          <params>
            <param index="0">
              <value>
                <![CDATA[Windows]]>
              </value>
            </param>
            <param index="1">
              <value>
                <![CDATA[Chrome]]>
              </value>
            </param>
          </params>
          <reporter-output>
          </reporter-output>
        </test-method> <!-- setUp -->
        <test-method signature="accRegister()[pri:0, instance:testCases.TC001_AccountRegistration@3cd3e762]" started-at="2026-02-20T14:37:33 IST" name="accRegister" finished-at="2026-02-20T14:37:35 IST" duration-ms="2252" status="PASS">
          <reporter-output>
          </reporter-output>
        </test-method> <!-- accRegister -->
        <test-method is-config="true" signature="tearDown()[pri:0, instance:testCases.TC001_AccountRegistration@3cd3e762]" started-at="2026-02-20T14:37:35 IST" name="tearDown" finished-at="2026-02-20T14:37:35 IST" duration-ms="167" status="PASS">
          <reporter-output>
          </reporter-output>
        </test-method> <!-- tearDown -->
      </class> <!-- testCases.TC001_AccountRegistration -->
    </test> <!-- Test -->
  </suite> <!-- Suite -->
</testng-results>
