<?xml version="1.0" encoding="UTF-8"?>
<testng-results ignored="0" total="2" passed="2" failed="0" skipped="0">
  <reporter-output>
  </reporter-output>
  <suite started-at="2026-06-10T17:09:51 IST" name="Suite" finished-at="2026-06-10T17:10:00 IST" duration-ms="9422">
    <groups>
      <group name="Sanity">
        <method signature="TC001_AccountRegistration.accRegister()[pri:0, instance:testCases.TC001_AccountRegistration@7eac9008]" name="accRegister" class="testCases.TC001_AccountRegistration"/>
        <method signature="TC002_LoginTest.verify_login()[pri:0, instance:testCases.TC002_LoginTest@15de0b3c]" name="verify_login" class="testCases.TC002_LoginTest"/>
      </group> <!-- Sanity -->
      <group name="Regression">
        <method signature="TC002_LoginTest.verify_login()[pri:0, instance:testCases.TC002_LoginTest@15de0b3c]" name="verify_login" class="testCases.TC002_LoginTest"/>
      </group> <!-- Regression -->
    </groups>
    <test started-at="2026-06-10T17:09:51 IST" name="Test" finished-at="2026-06-10T17:10:00 IST" duration-ms="9422">
      <class name="testCases.TC002_LoginTest">
        <test-method is-config="true" signature="setUp(java.lang.String,java.lang.String)[pri:0, instance:testCases.TC002_LoginTest@15de0b3c]" started-at="2026-06-10T17:09:57 IST" name="setUp" finished-at="2026-06-10T17:09:58 IST" duration-ms="1707" status="PASS">
          <params>
            <param index="0">
              <value>
                <![CDATA[Linux]]>
              </value>
            </param>
            <param index="1">
              <value>
                <![CDATA[edge]]>
              </value>
            </param>
          </params>
          <reporter-output>
          </reporter-output>
        </test-method> <!-- setUp -->
        <test-method signature="verify_login()[pri:0, instance:testCases.TC002_LoginTest@15de0b3c]" started-at="2026-06-10T17:09:58 IST" name="verify_login" finished-at="2026-06-10T17:10:00 IST" duration-ms="2015" status="PASS">
          <reporter-output>
          </reporter-output>
        </test-method> <!-- verify_login -->
        <test-method is-config="true" signature="tearDown()[pri:0, instance:testCases.TC002_LoginTest@15de0b3c]" started-at="2026-06-10T17:10:00 IST" name="tearDown" finished-at="2026-06-10T17:10:00 IST" duration-ms="89" status="PASS">
          <reporter-output>
          </reporter-output>
        </test-method> <!-- tearDown -->
      </class> <!-- testCases.TC002_LoginTest -->
      <class name="testCases.TC001_AccountRegistration">
        <test-method is-config="true" signature="setUp(java.lang.String,java.lang.String)[pri:0, instance:testCases.TC001_AccountRegistration@7eac9008]" started-at="2026-06-10T17:09:51 IST" name="setUp" finished-at="2026-06-10T17:09:53 IST" duration-ms="2218" status="PASS">
          <params>
            <param index="0">
              <value>
                <![CDATA[Linux]]>
              </value>
            </param>
            <param index="1">
              <value>
                <![CDATA[edge]]>
              </value>
            </param>
          </params>
          <reporter-output>
          </reporter-output>
        </test-method> <!-- setUp -->
        <test-method signature="accRegister()[pri:0, instance:testCases.TC001_AccountRegistration@7eac9008]" started-at="2026-06-10T17:09:53 IST" name="accRegister" finished-at="2026-06-10T17:09:56 IST" duration-ms="3064" status="PASS">
          <reporter-output>
          </reporter-output>
        </test-method> <!-- accRegister -->
        <test-method is-config="true" signature="tearDown()[pri:0, instance:testCases.TC001_AccountRegistration@7eac9008]" started-at="2026-06-10T17:09:56 IST" name="tearDown" finished-at="2026-06-10T17:09:57 IST" duration-ms="97" status="PASS">
          <reporter-output>
          </reporter-output>
        </test-method> <!-- tearDown -->
      </class> <!-- testCases.TC001_AccountRegistration -->
    </test> <!-- Test -->
  </suite> <!-- Suite -->
</testng-results>
